0 info it worked if it ends with ok
1 verbose cli [ '/usr/local/bin/node', '/usr/local/bin/npm', 'publish' ]
2 info using npm@2.14.20
3 info using node@v4.4.1
4 verbose publish [ '.' ]
5 silly cache add args [ '.', null ]
6 verbose cache add spec .
7 silly cache add parsed spec Result {
7 silly cache add   raw: '.',
7 silly cache add   scope: null,
7 silly cache add   name: null,
7 silly cache add   rawSpec: '.',
7 silly cache add   spec: '/Users/jmeyer/workspace/angular-ui-swiper',
7 silly cache add   type: 'directory' }
8 verbose addLocalDirectory /Users/jmeyer/.npm/angular-ui-swiper/2.3.2/package.tgz not in flight; packing
9 verbose correctMkdir /Users/jmeyer/.npm correctMkdir not in flight; initializing
10 verbose tar pack [ '/Users/jmeyer/.npm/angular-ui-swiper/2.3.2/package.tgz',
10 verbose tar pack   '/Users/jmeyer/workspace/angular-ui-swiper' ]
11 verbose tarball /Users/jmeyer/.npm/angular-ui-swiper/2.3.2/package.tgz
12 verbose folder /Users/jmeyer/workspace/angular-ui-swiper
13 info prepublish angular-ui-swiper@2.3.2
14 verbose addLocalTarball adding from inside cache /Users/jmeyer/.npm/angular-ui-swiper/2.3.2/package.tgz
15 verbose correctMkdir /Users/jmeyer/.npm correctMkdir not in flight; initializing
16 silly cache afterAdd angular-ui-swiper@2.3.2
17 verbose afterAdd /Users/jmeyer/.npm/angular-ui-swiper/2.3.2/package/package.json not in flight; writing
18 verbose correctMkdir /Users/jmeyer/.npm correctMkdir not in flight; initializing
19 verbose afterAdd /Users/jmeyer/.npm/angular-ui-swiper/2.3.2/package/package.json written
20 silly publish { name: 'angular-ui-swiper',
20 silly publish   version: '2.3.2',
20 silly publish   description: 'Most modern mobile touch slider for angular js',
20 silly publish   main: 'index.js',
20 silly publish   scripts:
20 silly publish    { start: '',
20 silly publish      test: 'echo "Error: no test specified" && exit 1',
20 silly publish      stop: '' },
20 silly publish   repository:
20 silly publish    { type: 'git',
20 silly publish      url: 'git+https://github.com/nebulr/ui-swiper.git' },
20 silly publish   contributors: [ { name: 'James Meyer', email: 'james@swiftgrid.io' } ],
20 silly publish   homepage: 'https://github.com/nebulr/ui-swiper#readme',
20 silly publish   devDependencies:
20 silly publish    { 'browser-sync': '^2.12.1',
20 silly publish      'connect-modrewrite': '^0.9.0',
20 silly publish      gulp: '^3.9.1',
20 silly publish      'gulp-angular-filesort': '^1.1.1',
20 silly publish      'gulp-concat': '^2.6.0',
20 silly publish      'gulp-cssnano': '^2.1.1',
20 silly publish      'gulp-ng-annotate': '^2.0.0',
20 silly publish      'gulp-plumber': '^1.1.0',
20 silly publish      'gulp-sass': '^2.2.0',
20 silly publish      'gulp-sass-glob': '^1.0.5',
20 silly publish      'gulp-uglify': '^1.5.3',
20 silly publish      'gulp-usemin': '^0.3.22',
20 silly publish      'gulp-util': '^3.0.7' },
20 silly publish   dependencies: { 'gulp-rename': '^1.2.2' },
20 silly publish   keywords:
20 silly publish    [ 'ui.swiper',
20 silly publish      'angularjs',
20 silly publish      'swiper',
20 silly publish      'carousel',
20 silly publish      'animation',
20 silly publish      'pagination' ],
20 silly publish   author: { name: 'James A. Meyer' },
20 silly publish   license: 'MIT',
20 silly publish   readme: '# ui.swiper\n### Most modern mobile touch slider for angular js\n\nThis is an angular implementation of http://idangero.us/swiper/get-started/\nThis requires no dependencies and written entirely in angular! ( That means no swiper install or jquery install necessary )\nIf you want to configure the swiper just apply the options as attributes to the swiper directive.\nA reference to the swiper api can be found here : http://idangero.us/swiper/api/\n\n# Install\n\n`bower install angular-ui-swiper`\n\n# Add files\n\n```\n<link rel="stylesheet" href="bower_components/angular-ui-swiper/dist/angular-ui-swiper.css">\n<script src="bower_components/angular-ui-swiper/dist/angular-ui-swiper.js"></script>\n```\n\n# Usage\nAdd the module dependency to your project\n`angular.module(\'app\', [\'ui.swiper\']);`\n\nSample Usage :\n```\n<swiper>\n  <slides>\n    <slide>Slide1</slide>\n    <slide>Slide2</slide>\n  </slides>\n  <prev></prev>\n  <next></next>\n  <pagination></pagination>\n</swiper>\n```\nSee here you added a swiper with pagination and directional buttons.\nWithin the slide tag you can put **whatever html you want to put in there!**\n\nFor more examples you can look at the [demo page](http://nebulr.github.io/ui-swiper).\n',
20 silly publish   readmeFilename: 'README.md',
20 silly publish   gitHead: '69442b38a1c630a7325086849f6d3e9ecac3f943',
20 silly publish   bugs: { url: 'https://github.com/nebulr/ui-swiper/issues' },
20 silly publish   _id: 'angular-ui-swiper@2.3.2',
20 silly publish   _shasum: '17d18aa6a2230a3064aa4910bebea72dc4397772',
20 silly publish   _from: '.' }
21 verbose getPublishConfig undefined
22 silly mapToRegistry name angular-ui-swiper
23 silly mapToRegistry using default registry
24 silly mapToRegistry registry https://registry.npmjs.org/
25 silly mapToRegistry uri https://registry.npmjs.org/angular-ui-swiper
26 verbose publish registryBase https://registry.npmjs.org/
27 silly publish uploading /Users/jmeyer/.npm/angular-ui-swiper/2.3.2/package.tgz
28 verbose request uri https://registry.npmjs.org/angular-ui-swiper
29 verbose request sending authorization for write operation
30 info attempt registry request try #1 at 2:40:50 PM
31 verbose request using bearer token for auth
32 verbose request id c908ef9a5a957b18
33 http request PUT https://registry.npmjs.org/angular-ui-swiper
34 http 403 https://registry.npmjs.org/angular-ui-swiper
35 verbose headers { 'content-type': 'application/json',
35 verbose headers   'cache-control': 'max-age=300',
35 verbose headers   'content-length': '95',
35 verbose headers   'accept-ranges': 'bytes',
35 verbose headers   date: 'Thu, 21 Jul 2016 19:40:51 GMT',
35 verbose headers   via: '1.1 varnish',
35 verbose headers   connection: 'keep-alive',
35 verbose headers   'x-served-by': 'cache-dfw1842-DFW',
35 verbose headers   'x-cache': 'MISS',
35 verbose headers   'x-cache-hits': '0',
35 verbose headers   'x-timer': 'S1469130050.336059,VS0,VE999',
35 verbose headers   vary: 'Accept-Encoding' }
36 verbose request invalidating /Users/jmeyer/.npm/registry.npmjs.org/angular-ui-swiper on PUT
37 error publish Failed PUT 403
38 verbose stack Error: "You cannot publish over the previously published version 2.3.2." : angular-ui-swiper
38 verbose stack     at makeError (/usr/local/lib/node_modules/npm/node_modules/npm-registry-client/lib/request.js:264:12)
38 verbose stack     at CachingRegistryClient.<anonymous> (/usr/local/lib/node_modules/npm/node_modules/npm-registry-client/lib/request.js:252:14)
38 verbose stack     at Request._callback (/usr/local/lib/node_modules/npm/node_modules/npm-registry-client/lib/request.js:172:14)
38 verbose stack     at Request.self.callback (/usr/local/lib/node_modules/npm/node_modules/request/request.js:199:22)
38 verbose stack     at emitTwo (events.js:87:13)
38 verbose stack     at Request.emit (events.js:172:7)
38 verbose stack     at Request.<anonymous> (/usr/local/lib/node_modules/npm/node_modules/request/request.js:1036:10)
38 verbose stack     at emitOne (events.js:82:20)
38 verbose stack     at Request.emit (events.js:169:7)
38 verbose stack     at IncomingMessage.<anonymous> (/usr/local/lib/node_modules/npm/node_modules/request/request.js:963:12)
39 verbose statusCode 403
40 verbose pkgid angular-ui-swiper
41 verbose cwd /Users/jmeyer/workspace/angular-ui-swiper
42 error Darwin 15.5.0
43 error argv "/usr/local/bin/node" "/usr/local/bin/npm" "publish"
44 error node v4.4.1
45 error npm  v2.14.20
46 error code E403
47 error "You cannot publish over the previously published version 2.3.2." : angular-ui-swiper
48 error If you need help, you may report this error at:
48 error     <https://github.com/npm/npm/issues>
49 verbose exit [ 1, true ]
